
-------
31/21/2018 19:21:53
-------


-------
31/56/2018 19:56:42
-------


-------
31/35/2018 20:35:52
-------


-------
31/43/2018 20:43:14
-------


-------
31/29/2018 22:29:47
-------


-------
31/43/2018 22:43:55
-------


-------
01/06/2018 00:06:48
-------


-------
01/57/2018 08:57:59
-------

Error executing 'CREATE TABLE studentsubject(
  sem_id varchar(8),
  student_id varchar(9),
  subject_id varchar(8),
  PRIMARY KEY (sem_id,subject_id,subject_id)
)
' (line 6): Duplicate column name 'subject_id'

-------
01/58/2018 08:58:31
-------


-------
01/05/2018 09:05:53
-------


-------
01/11/2018 09:11:08
-------

